# JRE version: OpenJDK Runtime Environment (8.0_222-b10) (build 1.8.0_222-8u222-b10-1ubuntu1~18.04.1-b10)
# Java VM: OpenJDK 64-Bit Server VM (25.222-b10 mixed mode linux-amd64 compressed oops)
Heap:
 PSYoungGen      total 139264K, used 69995K [0x000000076ab00000, 0x000000077bb00000, 0x00000007c0000000)
  eden space 129024K, 52% used [0x000000076ab00000,0x000000076ed5b438,0x0000000772900000)
  from space 10240K, 19% used [0x0000000772900000,0x0000000772aff898,0x0000000773300000)
  to   space 10240K, 0% used [0x000000077b100000,0x000000077b100000,0x000000077bb00000)
 ParOldGen       total 395264K, used 176640K [0x00000006c0000000, 0x00000006d8200000, 0x000000076ab00000)
  object space 395264K, 44% used [0x00000006c0000000,0x00000006cac80278,0x00000006d8200000)
 Metaspace       used 6413K, capacity 6620K, committed 6912K, reserved 1056768K
  class space    used 608K, capacity 684K, committed 768K, reserved 1048576K
GC Heap History (8 events):
Event: 0.530 GC heap before
{Heap before GC invocations=1 (full 0):
 PSYoungGen      total 74752K, used 64512K [0x000000076ab00000, 0x000000076fe00000, 0x00000007c0000000)
  eden space 64512K, 100% used [0x000000076ab00000,0x000000076ea00000,0x000000076ea00000)
  from space 10240K, 0% used [0x000000076f400000,0x000000076f400000,0x000000076fe00000)
  to   space 10240K, 0% used [0x000000076ea00000,0x000000076ea00000,0x000000076f400000)
 ParOldGen       total 171008K, used 0K [0x00000006c0000000, 0x00000006ca700000, 0x000000076ab00000)
  object space 171008K, 0% used [0x00000006c0000000,0x00000006c0000000,0x00000006ca700000)
 Metaspace       used 5717K, capacity 6102K, committed 6272K, reserved 1056768K
  class space    used 547K, capacity 619K, committed 640K, reserved 1048576K
Event: 0.554 GC heap after
Heap after GC invocations=1 (full 0):
 PSYoungGen      total 74752K, used 10224K [0x000000076ab00000, 0x0000000773d00000, 0x00000007c0000000)
  eden space 64512K, 0% used [0x000000076ab00000,0x000000076ab00000,0x000000076ea00000)
  from space 10240K, 99% used [0x000000076ea00000,0x000000076f3fc050,0x000000076f400000)
  to   space 10240K, 0% used [0x0000000773300000,0x0000000773300000,0x0000000773d00000)
 ParOldGen       total 171008K, used 29266K [0x00000006c0000000, 0x00000006ca700000, 0x000000076ab00000)
  object space 171008K, 17% used [0x00000006c0000000,0x00000006c1c94880,0x00000006ca700000)
 Metaspace       used 5717K, capacity 6102K, committed 6272K, reserved 1056768K
  class space    used 547K, capacity 619K, committed 640K, reserved 1048576K
}
Event: 0.743 GC heap before
{Heap before GC invocations=2 (full 0):
 PSYoungGen      total 74752K, used 74095K [0x000000076ab00000, 0x0000000773d00000, 0x00000007c0000000)
  eden space 64512K, 99% used [0x000000076ab00000,0x000000076e95ff58,0x000000076ea00000)
  from space 10240K, 99% used [0x000000076ea00000,0x000000076f3fc050,0x000000076f400000)
  to   space 10240K, 0% used [0x0000000773300000,0x0000000773300000,0x0000000773d00000)
 ParOldGen       total 171008K, used 29266K [0x00000006c0000000, 0x00000006ca700000, 0x000000076ab00000)
  object space 171008K, 17% used [0x00000006c0000000,0x00000006c1c94880,0x00000006ca700000)
 Metaspace       used 5722K, capacity 6102K, committed 6272K, reserved 1056768K
  class space    used 547K, capacity 619K, committed 640K, reserved 1048576K
Event: 0.773 GC heap after
Heap after GC invocations=2 (full 0):
 PSYoungGen      total 139264K, used 10208K [0x000000076ab00000, 0x0000000773d00000, 0x00000007c0000000)
  eden space 129024K, 0% used [0x000000076ab00000,0x000000076ab00000,0x0000000772900000)
  from space 10240K, 99% used [0x0000000773300000,0x0000000773cf8020,0x0000000773d00000)
  to   space 10240K, 0% used [0x0000000772900000,0x0000000772900000,0x0000000773300000)
 ParOldGen       total 171008K, used 76708K [0x00000006c0000000, 0x00000006ca700000, 0x000000076ab00000)
  object space 171008K, 44% used [0x00000006c0000000,0x00000006c4ae9100,0x00000006ca700000)
 Metaspace       used 5722K, capacity 6102K, committed 6272K, reserved 1056768K
  class space    used 547K, capacity 619K, committed 640K, reserved 1048576K
}
Event: 1.121 GC heap before
{Heap before GC invocations=3 (full 0):
 PSYoungGen      total 139264K, used 139232K [0x000000076ab00000, 0x0000000773d00000, 0x00000007c0000000)
  eden space 129024K, 100% used [0x000000076ab00000,0x0000000772900000,0x0000000772900000)
  from space 10240K, 99% used [0x0000000773300000,0x0000000773cf8020,0x0000000773d00000)
  to   space 10240K, 0% used [0x0000000772900000,0x0000000772900000,0x0000000773300000)
 ParOldGen       total 171008K, used 76708K [0x00000006c0000000, 0x00000006ca700000, 0x000000076ab00000)
  object space 171008K, 44% used [0x00000006c0000000,0x00000006c4ae9100,0x00000006ca700000)
 Metaspace       used 5722K, capacity 6102K, committed 6272K, reserved 1056768K
  class space    used 547K, capacity 619K, committed 640K, reserved 1048576K
Event: 1.176 GC heap after
Heap after GC invocations=3 (full 0):
 PSYoungGen      total 139264K, used 10240K [0x000000076ab00000, 0x000000077bb00000, 0x00000007c0000000)
  eden space 129024K, 0% used [0x000000076ab00000,0x000000076ab00000,0x0000000772900000)
  from space 10240K, 100% used [0x0000000772900000,0x0000000773300000,0x0000000773300000)
  to   space 10240K, 0% used [0x000000077b100000,0x000000077b100000,0x000000077bb00000)
 ParOldGen       total 177152K, used 171356K [0x00000006c0000000, 0x00000006cad00000, 0x000000076ab00000)
  object space 177152K, 96% used [0x00000006c0000000,0x00000006ca7571a0,0x00000006cad00000)
 Metaspace       used 5722K, capacity 6102K, committed 6272K, reserved 1056768K
  class space    used 547K, capacity 619K, committed 640K, reserved 1048576K
}
Event: 1.176 GC heap before
{Heap before GC invocations=4 (full 1):
 PSYoungGen      total 139264K, used 10240K [0x000000076ab00000, 0x000000077bb00000, 0x00000007c0000000)
  eden space 129024K, 0% used [0x000000076ab00000,0x000000076ab00000,0x0000000772900000)
  from space 10240K, 100% used [0x0000000772900000,0x0000000773300000,0x0000000773300000)
  to   space 10240K, 0% used [0x000000077b100000,0x000000077b100000,0x000000077bb00000)
 ParOldGen       total 177152K, used 171356K [0x00000006c0000000, 0x00000006cad00000, 0x000000076ab00000)
  object space 177152K, 96% used [0x00000006c0000000,0x00000006ca7571a0,0x00000006cad00000)
 Metaspace       used 5722K, capacity 6102K, committed 6272K, reserved 1056768K
  class space    used 547K, capacity 619K, committed 640K, reserved 1048576K
Event: 1.870 GC heap after
Heap after GC invocations=4 (full 1):
 PSYoungGen      total 139264K, used 2046K [0x000000076ab00000, 0x000000077bb00000, 0x00000007c0000000)
  eden space 129024K, 0% used [0x000000076ab00000,0x000000076ab00000,0x0000000772900000)
  from space 10240K, 19% used [0x0000000772900000,0x0000000772aff898,0x0000000773300000)
  to   space 10240K, 0% used [0x000000077b100000,0x000000077b100000,0x000000077bb00000)
 ParOldGen       total 395264K, used 176640K [0x00000006c0000000, 0x00000006d8200000, 0x000000076ab00000)
  object space 395264K, 44% used [0x00000006c0000000,0x00000006cac80278,0x00000006d8200000)
 Metaspace       used 5722K, capacity 6102K, committed 6272K, reserved 1056768K
  class space    used 547K, capacity 619K, committed 640K, reserved 1048576K
}

