# JRE version: OpenJDK Runtime Environment (8.0_222-b10) (build 1.8.0_222-8u222-b10-1ubuntu1~18.04.1-b10)
# Java VM: OpenJDK 64-Bit Server VM (25.222-b10 mixed mode linux-amd64 compressed oops)
Heap:
 PSYoungGen      total 139264K, used 69987K [0x000000076ab00000, 0x000000077bb00000, 0x00000007c0000000)
  eden space 129024K, 52% used [0x000000076ab00000,0x000000076ed5b430,0x0000000772900000)
  from space 10240K, 19% used [0x0000000772900000,0x0000000772afd9f8,0x0000000773300000)
  to   space 10240K, 0% used [0x000000077b100000,0x000000077b100000,0x000000077bb00000)
 ParOldGen       total 396288K, used 176648K [0x00000006c0000000, 0x00000006d8300000, 0x000000076ab00000)
  object space 396288K, 44% used [0x00000006c0000000,0x00000006cac82170,0x00000006d8300000)
 Metaspace       used 6417K, capacity 6620K, committed 6912K, reserved 1056768K
  class space    used 608K, capacity 684K, committed 768K, reserved 1048576K
GC Heap History (8 events):
Event: 0.577 GC heap before
{Heap before GC invocations=1 (full 0):
 PSYoungGen      total 74752K, used 64512K [0x000000076ab00000, 0x000000076fe00000, 0x00000007c0000000)
  eden space 64512K, 100% used [0x000000076ab00000,0x000000076ea00000,0x000000076ea00000)
  from space 10240K, 0% used [0x000000076f400000,0x000000076f400000,0x000000076fe00000)
  to   space 10240K, 0% used [0x000000076ea00000,0x000000076ea00000,0x000000076f400000)
 ParOldGen       total 171008K, used 0K [0x00000006c0000000, 0x00000006ca700000, 0x000000076ab00000)
  object space 171008K, 0% used [0x00000006c0000000,0x00000006c0000000,0x00000006ca700000)
 Metaspace       used 5717K, capacity 6102K, committed 6272K, reserved 1056768K
  class space    used 547K, capacity 619K, committed 640K, reserved 1048576K
Event: 0.610 GC heap after
Heap after GC invocations=1 (full 0):
 PSYoungGen      total 74752K, used 10224K [0x000000076ab00000, 0x0000000773d00000, 0x00000007c0000000)
  eden space 64512K, 0% used [0x000000076ab00000,0x000000076ab00000,0x000000076ea00000)
  from space 10240K, 99% used [0x000000076ea00000,0x000000076f3fc050,0x000000076f400000)
  to   space 10240K, 0% used [0x0000000773300000,0x0000000773300000,0x0000000773d00000)
 ParOldGen       total 171008K, used 29262K [0x00000006c0000000, 0x00000006ca700000, 0x000000076ab00000)
  object space 171008K, 17% used [0x00000006c0000000,0x00000006c1c93800,0x00000006ca700000)
 Metaspace       used 5717K, capacity 6102K, committed 6272K, reserved 1056768K
  class space    used 547K, capacity 619K, committed 640K, reserved 1048576K
}
Event: 0.823 GC heap before
{Heap before GC invocations=2 (full 0):
 PSYoungGen      total 74752K, used 74095K [0x000000076ab00000, 0x0000000773d00000, 0x00000007c0000000)
  eden space 64512K, 99% used [0x000000076ab00000,0x000000076e95ff40,0x000000076ea00000)
  from space 10240K, 99% used [0x000000076ea00000,0x000000076f3fc050,0x000000076f400000)
  to   space 10240K, 0% used [0x0000000773300000,0x0000000773300000,0x0000000773d00000)
 ParOldGen       total 171008K, used 29262K [0x00000006c0000000, 0x00000006ca700000, 0x000000076ab00000)
  object space 171008K, 17% used [0x00000006c0000000,0x00000006c1c93800,0x00000006ca700000)
 Metaspace       used 5723K, capacity 6102K, committed 6272K, reserved 1056768K
  class space    used 547K, capacity 619K, committed 640K, reserved 1048576K
Event: 0.852 GC heap after
Heap after GC invocations=2 (full 0):
 PSYoungGen      total 139264K, used 10208K [0x000000076ab00000, 0x0000000773d00000, 0x00000007c0000000)
  eden space 129024K, 0% used [0x000000076ab00000,0x000000076ab00000,0x0000000772900000)
  from space 10240K, 99% used [0x0000000773300000,0x0000000773cf8020,0x0000000773d00000)
  to   space 10240K, 0% used [0x0000000772900000,0x0000000772900000,0x0000000773300000)
 ParOldGen       total 171008K, used 76734K [0x00000006c0000000, 0x00000006ca700000, 0x000000076ab00000)
  object space 171008K, 44% used [0x00000006c0000000,0x00000006c4aef810,0x00000006ca700000)
 Metaspace       used 5723K, capacity 6102K, committed 6272K, reserved 1056768K
  class space    used 547K, capacity 619K, committed 640K, reserved 1048576K
}
Event: 1.198 GC heap before
{Heap before GC invocations=3 (full 0):
 PSYoungGen      total 139264K, used 139232K [0x000000076ab00000, 0x0000000773d00000, 0x00000007c0000000)
  eden space 129024K, 100% used [0x000000076ab00000,0x0000000772900000,0x0000000772900000)
  from space 10240K, 99% used [0x0000000773300000,0x0000000773cf8020,0x0000000773d00000)
  to   space 10240K, 0% used [0x0000000772900000,0x0000000772900000,0x0000000773300000)
 ParOldGen       total 171008K, used 76734K [0x00000006c0000000, 0x00000006ca700000, 0x000000076ab00000)
  object space 171008K, 44% used [0x00000006c0000000,0x00000006c4aef810,0x00000006ca700000)
 Metaspace       used 5723K, capacity 6102K, committed 6272K, reserved 1056768K
  class space    used 547K, capacity 619K, committed 640K, reserved 1048576K
Event: 1.252 GC heap after
Heap after GC invocations=3 (full 0):
 PSYoungGen      total 139264K, used 10240K [0x000000076ab00000, 0x000000077bb00000, 0x00000007c0000000)
  eden space 129024K, 0% used [0x000000076ab00000,0x000000076ab00000,0x0000000772900000)
  from space 10240K, 100% used [0x0000000772900000,0x0000000773300000,0x0000000773300000)
  to   space 10240K, 0% used [0x000000077b100000,0x000000077b100000,0x000000077bb00000)
 ParOldGen       total 177152K, used 171384K [0x00000006c0000000, 0x00000006cad00000, 0x000000076ab00000)
  object space 177152K, 96% used [0x00000006c0000000,0x00000006ca75e0b0,0x00000006cad00000)
 Metaspace       used 5723K, capacity 6102K, committed 6272K, reserved 1056768K
  class space    used 547K, capacity 619K, committed 640K, reserved 1048576K
}
Event: 1.252 GC heap before
{Heap before GC invocations=4 (full 1):
 PSYoungGen      total 139264K, used 10240K [0x000000076ab00000, 0x000000077bb00000, 0x00000007c0000000)
  eden space 129024K, 0% used [0x000000076ab00000,0x000000076ab00000,0x0000000772900000)
  from space 10240K, 100% used [0x0000000772900000,0x0000000773300000,0x0000000773300000)
  to   space 10240K, 0% used [0x000000077b100000,0x000000077b100000,0x000000077bb00000)
 ParOldGen       total 177152K, used 171384K [0x00000006c0000000, 0x00000006cad00000, 0x000000076ab00000)
  object space 177152K, 96% used [0x00000006c0000000,0x00000006ca75e0b0,0x00000006cad00000)
 Metaspace       used 5723K, capacity 6102K, committed 6272K, reserved 1056768K
  class space    used 547K, capacity 619K, committed 640K, reserved 1048576K
Event: 2.029 GC heap after
Heap after GC invocations=4 (full 1):
 PSYoungGen      total 139264K, used 2038K [0x000000076ab00000, 0x000000077bb00000, 0x00000007c0000000)
  eden space 129024K, 0% used [0x000000076ab00000,0x000000076ab00000,0x0000000772900000)
  from space 10240K, 19% used [0x0000000772900000,0x0000000772afd9f8,0x0000000773300000)
  to   space 10240K, 0% used [0x000000077b100000,0x000000077b100000,0x000000077bb00000)
 ParOldGen       total 396288K, used 176648K [0x00000006c0000000, 0x00000006d8300000, 0x000000076ab00000)
  object space 396288K, 44% used [0x00000006c0000000,0x00000006cac82170,0x00000006d8300000)
 Metaspace       used 5723K, capacity 6102K, committed 6272K, reserved 1056768K
  class space    used 547K, capacity 619K, committed 640K, reserved 1048576K
}

